2017-07-01 14:12:18,771 [10] INFO CEN4802_Proj3.formMain - Initializing
2017-07-01 14:13:46,380 [10] INFO CEN4802_Proj3.formMain - Initializing
2017-07-01 15:20:19,431 [8] INFO CEN4802_Proj3.formMain - Initializing
2017-07-01 15:20:25,638 [8] INFO CEN4802_Proj3.formMain - Powering On
2017-07-01 15:20:30,250 [8] INFO CEN4802_Proj3.formMain - Powering Off
2017-07-01 15:23:25,570 [8] INFO CEN4802_Proj3.formMain - Initializing
2017-07-01 15:23:27,370 [8] INFO CEN4802_Proj3.formMain - Powering On
2017-07-01 15:23:30,067 [8] INFO CEN4802_Proj3.formMain - Powering Off
2017-07-01 15:33:58,934 [9] INFO CEN4802_Proj3.formMain - Initializing
2017-07-01 15:34:01,385 [9] INFO CEN4802_Proj3.formMain - Powering On
2017-07-01 15:34:02,923 [9] INFO CEN4802_Proj3.formMain - Powering Off
2017-07-01 15:34:03,988 [9] INFO CEN4802_Proj3.formMain - Powering On
2017-07-01 15:34:04,890 [9] INFO CEN4802_Proj3.formMain - Powering Off
2017-07-01 15:58:00,515 [9] INFO CEN4802_Proj3.formMain - Initializing
2017-07-01 15:58:03,135 [9] INFO CEN4802_Proj3.formMain - Powering On
2017-07-01 15:58:05,584 [9] INFO CEN4802_Proj3.formMain - Powering Off
2017-07-01 15:58:06,333 [9] INFO CEN4802_Proj3.formMain - Powering On
2017-07-01 15:58:07,477 [9] INFO CEN4802_Proj3.formMain - Powering Off
2017-07-01 15:58:08,400 [9] INFO CEN4802_Proj3.formMain - Powering On
2017-07-01 15:58:09,677 [9] INFO CEN4802_Proj3.formMain - Powering Off
2017-07-01 15:58:10,846 [9] INFO CEN4802_Proj3.formMain - Powering On
2017-07-01 15:58:11,576 [9] INFO CEN4802_Proj3.formMain - Powering Off
2017-07-01 16:01:00,825 [9] INFO CEN4802_Proj3.formMain - Initializing
2017-07-01 16:01:02,298 [9] INFO CEN4802_Proj3.formMain - Powering On
2017-07-01 16:01:58,466 [10] INFO CEN4802_Proj3.formMain - Initializing
2017-07-01 16:01:59,569 [10] INFO CEN4802_Proj3.formMain - Powering On
2017-07-01 16:02:01,153 [10] INFO CEN4802_Proj3.formMain - Powering Off
2017-07-01 16:02:02,033 [10] INFO CEN4802_Proj3.formMain - Powering On
2017-07-01 16:06:12,847 [8] INFO CEN4802_Proj3.formMain - Initializing
2017-07-01 16:06:14,911 [8] INFO CEN4802_Proj3.formMain - Powering On
2017-07-01 16:06:15,463 [8] INFO CEN4802_Proj3.formMain - Powering Off
2017-07-01 16:06:15,948 [8] INFO CEN4802_Proj3.formMain - Powering On
2017-07-01 16:06:16,483 [8] INFO CEN4802_Proj3.formMain - Powering Off
2017-07-01 16:06:16,921 [8] INFO CEN4802_Proj3.formMain - Powering On
2017-07-01 16:06:17,552 [8] INFO CEN4802_Proj3.formMain - Powering Off
2017-07-01 16:06:18,043 [8] INFO CEN4802_Proj3.formMain - Powering On
2017-07-01 16:06:23,527 [8] INFO CEN4802_Proj3.formMain - Powering Off
2017-07-01 16:06:24,102 [8] INFO CEN4802_Proj3.formMain - Powering On
2017-07-01 16:06:24,549 [8] INFO CEN4802_Proj3.formMain - Powering Off
2017-07-01 16:06:27,809 [8] INFO CEN4802_Proj3.formMain - Powering On
2017-07-01 16:09:07,612 [9] INFO CEN4802_Proj3.formMain - Initializing
2017-07-01 16:09:08,909 [9] INFO CEN4802_Proj3.formMain - Powering On
2017-07-01 16:09:09,505 [9] INFO CEN4802_Proj3.formMain - Powering Off
2017-07-01 16:09:11,072 [9] INFO CEN4802_Proj3.formMain - Powering On
2017-07-01 16:09:12,555 [9] INFO CEN4802_Proj3.formMain - Powering Off
2017-07-01 16:09:13,068 [9] INFO CEN4802_Proj3.formMain - Powering On
2017-07-01 16:09:13,557 [9] INFO CEN4802_Proj3.formMain - Powering Off
2017-07-01 16:09:13,976 [9] INFO CEN4802_Proj3.formMain - Powering On
2017-07-01 16:09:14,414 [9] INFO CEN4802_Proj3.formMain - Powering Off
2017-07-01 16:09:15,108 [9] INFO CEN4802_Proj3.formMain - Powering On
2017-07-01 16:10:09,644 [8] INFO CEN4802_Proj3.formMain - Initializing
2017-07-01 16:10:12,134 [8] INFO CEN4802_Proj3.formMain - Powering On
2017-07-01 16:10:14,982 [8] INFO CEN4802_Proj3.formMain - Powering Off
2017-07-01 16:10:16,857 [8] INFO CEN4802_Proj3.formMain - Powering On
2017-07-01 16:11:00,536 [8] INFO CEN4802_Proj3.formMain - Initializing
2017-07-01 16:11:02,480 [8] INFO CEN4802_Proj3.formMain - Powering On
2017-07-01 16:11:03,362 [8] INFO CEN4802_Proj3.formMain - Powering Off
2017-07-01 16:11:04,052 [8] INFO CEN4802_Proj3.formMain - Powering On
2017-07-01 16:11:04,657 [8] INFO CEN4802_Proj3.formMain - Powering Off
2017-07-01 16:11:05,240 [8] INFO CEN4802_Proj3.formMain - Powering On
2017-07-01 16:11:05,800 [8] INFO CEN4802_Proj3.formMain - Powering Off
2017-07-01 16:11:06,332 [8] INFO CEN4802_Proj3.formMain - Powering On
2017-07-01 16:11:06,846 [8] INFO CEN4802_Proj3.formMain - Powering Off
2017-07-01 16:11:07,366 [8] INFO CEN4802_Proj3.formMain - Powering On
2017-07-01 16:11:08,745 [8] INFO CEN4802_Proj3.formMain - Powering Off
2017-07-01 16:11:12,820 [8] INFO CEN4802_Proj3.formMain - Powering On
2017-07-01 16:50:06,703 [8] INFO CEN4802_Proj3.formMain - Initializing
2017-07-01 16:50:08,180 [8] INFO CEN4802_Proj3.formMain - Powering On
2017-07-01 16:50:17,151 [8] INFO CEN4802_Proj3.formMain - Powering Off
2017-07-01 16:52:17,913 [9] INFO CEN4802_Proj3.formMain - Initializing
2017-07-01 16:52:19,267 [9] INFO CEN4802_Proj3.formMain - Powering On
2017-07-01 16:57:40,340 [8] INFO CEN4802_Proj3.formMain - Initializing
2017-07-01 16:57:41,944 [8] INFO CEN4802_Proj3.formMain - Powering On
2017-07-01 16:59:03,544 [8] INFO CEN4802_Proj3.formMain - Initializing
2017-07-01 16:59:04,857 [8] INFO CEN4802_Proj3.formMain - Powering On
2017-07-01 17:00:36,717 [8] INFO CEN4802_Proj3.formMain - Initializing
2017-07-01 17:00:38,389 [8] INFO CEN4802_Proj3.formMain - Powering On
2017-07-01 17:07:48,677 [9] INFO CEN4802_Proj3.formMain - Initializing
2017-07-01 17:07:49,808 [9] INFO CEN4802_Proj3.formMain - Powering On
2017-07-01 17:07:51,255 [9] ERROR CEN4802_Proj3.formMain - Input has reached maximum length
System.Exception: Exception of type 'System.Exception' was thrown.
   at CEN4802_Proj3.formMain.btnOne_Click(Object sender, EventArgs e) in C:\Users\Luis\Documents\School\OneDrive - Eastern Florida State College\Classwork\2017 - Summer\CEN4802\CEN4802_Proj3\CEN4802_Proj3\FrmMain.cs:line 102
2017-07-01 17:09:56,933 [8] INFO CEN4802_Proj3.formMain - Initializing
2017-07-01 17:09:59,053 [8] INFO CEN4802_Proj3.formMain - Powering On
2017-07-01 17:10:02,609 [8] ERROR CEN4802_Proj3.formMain - Input has reached maximum length
System.Exception: Exception of type 'System.Exception' was thrown.
   at CEN4802_Proj3.formMain.btnOne_Click(Object sender, EventArgs e) in C:\Users\Luis\Documents\School\OneDrive - Eastern Florida State College\Classwork\2017 - Summer\CEN4802\CEN4802_Proj3\CEN4802_Proj3\FrmMain.cs:line 101
2017-07-01 17:10:02,781 [8] ERROR CEN4802_Proj3.formMain - Input has reached maximum length
System.Exception: Exception of type 'System.Exception' was thrown.
   at CEN4802_Proj3.formMain.btnOne_Click(Object sender, EventArgs e) in C:\Users\Luis\Documents\School\OneDrive - Eastern Florida State College\Classwork\2017 - Summer\CEN4802\CEN4802_Proj3\CEN4802_Proj3\FrmMain.cs:line 101
2017-07-01 17:10:03,736 [8] ERROR CEN4802_Proj3.formMain - Input has reached maximum length
System.Exception: Exception of type 'System.Exception' was thrown.
   at CEN4802_Proj3.formMain.btnOne_Click(Object sender, EventArgs e) in C:\Users\Luis\Documents\School\OneDrive - Eastern Florida State College\Classwork\2017 - Summer\CEN4802\CEN4802_Proj3\CEN4802_Proj3\FrmMain.cs:line 101
2017-07-01 17:10:03,937 [8] ERROR CEN4802_Proj3.formMain - Input has reached maximum length
System.Exception: Exception of type 'System.Exception' was thrown.
   at CEN4802_Proj3.formMain.btnOne_Click(Object sender, EventArgs e) in C:\Users\Luis\Documents\School\OneDrive - Eastern Florida State College\Classwork\2017 - Summer\CEN4802\CEN4802_Proj3\CEN4802_Proj3\FrmMain.cs:line 101
2017-07-01 17:10:04,135 [8] ERROR CEN4802_Proj3.formMain - Input has reached maximum length
System.Exception: Exception of type 'System.Exception' was thrown.
   at CEN4802_Proj3.formMain.btnOne_Click(Object sender, EventArgs e) in C:\Users\Luis\Documents\School\OneDrive - Eastern Florida State College\Classwork\2017 - Summer\CEN4802\CEN4802_Proj3\CEN4802_Proj3\FrmMain.cs:line 101
2017-07-01 17:10:04,339 [8] ERROR CEN4802_Proj3.formMain - Input has reached maximum length
System.Exception: Exception of type 'System.Exception' was thrown.
   at CEN4802_Proj3.formMain.btnOne_Click(Object sender, EventArgs e) in C:\Users\Luis\Documents\School\OneDrive - Eastern Florida State College\Classwork\2017 - Summer\CEN4802\CEN4802_Proj3\CEN4802_Proj3\FrmMain.cs:line 101
2017-07-01 17:10:04,513 [8] ERROR CEN4802_Proj3.formMain - Input has reached maximum length
System.Exception: Exception of type 'System.Exception' was thrown.
   at CEN4802_Proj3.formMain.btnOne_Click(Object sender, EventArgs e) in C:\Users\Luis\Documents\School\OneDrive - Eastern Florida State College\Classwork\2017 - Summer\CEN4802\CEN4802_Proj3\CEN4802_Proj3\FrmMain.cs:line 101
2017-07-01 17:10:04,697 [8] ERROR CEN4802_Proj3.formMain - Input has reached maximum length
System.Exception: Exception of type 'System.Exception' was thrown.
   at CEN4802_Proj3.formMain.btnOne_Click(Object sender, EventArgs e) in C:\Users\Luis\Documents\School\OneDrive - Eastern Florida State College\Classwork\2017 - Summer\CEN4802\CEN4802_Proj3\CEN4802_Proj3\FrmMain.cs:line 101
2017-07-01 17:10:04,881 [8] ERROR CEN4802_Proj3.formMain - Input has reached maximum length
System.Exception: Exception of type 'System.Exception' was thrown.
   at CEN4802_Proj3.formMain.btnOne_Click(Object sender, EventArgs e) in C:\Users\Luis\Documents\School\OneDrive - Eastern Florida State College\Classwork\2017 - Summer\CEN4802\CEN4802_Proj3\CEN4802_Proj3\FrmMain.cs:line 101
2017-07-01 17:18:23,702 [9] INFO CEN4802_Proj3.formMain - Initializing
2017-07-01 17:19:00,984 [8] INFO CEN4802_Proj3.formMain - Initializing
2017-07-01 17:19:02,467 [8] INFO CEN4802_Proj3.formMain - Powering On
2017-07-01 17:19:09,410 [8] ERROR CEN4802_Proj3.formMain - Input has reached maximum length
System.Exception: Exception of type 'System.Exception' was thrown.
   at CEN4802_Proj3.formMain.btnClick(Object sender, EventArgs e) in C:\Users\Luis\Documents\School\OneDrive - Eastern Florida State College\Classwork\2017 - Summer\CEN4802\CEN4802_Proj3\CEN4802_Proj3\FrmMain.cs:line 90
2017-07-01 17:19:09,612 [8] ERROR CEN4802_Proj3.formMain - Input has reached maximum length
System.Exception: Exception of type 'System.Exception' was thrown.
   at CEN4802_Proj3.formMain.btnClick(Object sender, EventArgs e) in C:\Users\Luis\Documents\School\OneDrive - Eastern Florida State College\Classwork\2017 - Summer\CEN4802\CEN4802_Proj3\CEN4802_Proj3\FrmMain.cs:line 90
2017-07-01 17:19:09,832 [8] ERROR CEN4802_Proj3.formMain - Input has reached maximum length
System.Exception: Exception of type 'System.Exception' was thrown.
   at CEN4802_Proj3.formMain.btnClick(Object sender, EventArgs e) in C:\Users\Luis\Documents\School\OneDrive - Eastern Florida State College\Classwork\2017 - Summer\CEN4802\CEN4802_Proj3\CEN4802_Proj3\FrmMain.cs:line 90
2017-07-01 17:19:10,097 [8] ERROR CEN4802_Proj3.formMain - Input has reached maximum length
System.Exception: Exception of type 'System.Exception' was thrown.
   at CEN4802_Proj3.formMain.btnClick(Object sender, EventArgs e) in C:\Users\Luis\Documents\School\OneDrive - Eastern Florida State College\Classwork\2017 - Summer\CEN4802\CEN4802_Proj3\CEN4802_Proj3\FrmMain.cs:line 90
2017-07-01 17:19:10,408 [8] ERROR CEN4802_Proj3.formMain - Input has reached maximum length
System.Exception: Exception of type 'System.Exception' was thrown.
   at CEN4802_Proj3.formMain.btnClick(Object sender, EventArgs e) in C:\Users\Luis\Documents\School\OneDrive - Eastern Florida State College\Classwork\2017 - Summer\CEN4802\CEN4802_Proj3\CEN4802_Proj3\FrmMain.cs:line 90
2017-07-01 17:19:10,591 [8] ERROR CEN4802_Proj3.formMain - Input has reached maximum length
System.Exception: Exception of type 'System.Exception' was thrown.
   at CEN4802_Proj3.formMain.btnClick(Object sender, EventArgs e) in C:\Users\Luis\Documents\School\OneDrive - Eastern Florida State College\Classwork\2017 - Summer\CEN4802\CEN4802_Proj3\CEN4802_Proj3\FrmMain.cs:line 90
2017-07-01 17:19:10,816 [8] ERROR CEN4802_Proj3.formMain - Input has reached maximum length
System.Exception: Exception of type 'System.Exception' was thrown.
   at CEN4802_Proj3.formMain.btnClick(Object sender, EventArgs e) in C:\Users\Luis\Documents\School\OneDrive - Eastern Florida State College\Classwork\2017 - Summer\CEN4802\CEN4802_Proj3\CEN4802_Proj3\FrmMain.cs:line 90
2017-07-01 17:19:11,003 [8] ERROR CEN4802_Proj3.formMain - Input has reached maximum length
System.Exception: Exception of type 'System.Exception' was thrown.
   at CEN4802_Proj3.formMain.btnClick(Object sender, EventArgs e) in C:\Users\Luis\Documents\School\OneDrive - Eastern Florida State College\Classwork\2017 - Summer\CEN4802\CEN4802_Proj3\CEN4802_Proj3\FrmMain.cs:line 90
2017-07-01 17:19:11,202 [8] ERROR CEN4802_Proj3.formMain - Input has reached maximum length
System.Exception: Exception of type 'System.Exception' was thrown.
   at CEN4802_Proj3.formMain.btnClick(Object sender, EventArgs e) in C:\Users\Luis\Documents\School\OneDrive - Eastern Florida State College\Classwork\2017 - Summer\CEN4802\CEN4802_Proj3\CEN4802_Proj3\FrmMain.cs:line 90
2017-07-01 17:19:11,418 [8] ERROR CEN4802_Proj3.formMain - Input has reached maximum length
System.Exception: Exception of type 'System.Exception' was thrown.
   at CEN4802_Proj3.formMain.btnClick(Object sender, EventArgs e) in C:\Users\Luis\Documents\School\OneDrive - Eastern Florida State College\Classwork\2017 - Summer\CEN4802\CEN4802_Proj3\CEN4802_Proj3\FrmMain.cs:line 90
2017-07-01 17:19:11,606 [8] ERROR CEN4802_Proj3.formMain - Input has reached maximum length
System.Exception: Exception of type 'System.Exception' was thrown.
   at CEN4802_Proj3.formMain.btnClick(Object sender, EventArgs e) in C:\Users\Luis\Documents\School\OneDrive - Eastern Florida State College\Classwork\2017 - Summer\CEN4802\CEN4802_Proj3\CEN4802_Proj3\FrmMain.cs:line 90
2017-07-01 17:19:11,807 [8] ERROR CEN4802_Proj3.formMain - Input has reached maximum length
System.Exception: Exception of type 'System.Exception' was thrown.
   at CEN4802_Proj3.formMain.btnClick(Object sender, EventArgs e) in C:\Users\Luis\Documents\School\OneDrive - Eastern Florida State College\Classwork\2017 - Summer\CEN4802\CEN4802_Proj3\CEN4802_Proj3\FrmMain.cs:line 90
2017-07-01 17:19:12,053 [8] ERROR CEN4802_Proj3.formMain - Input has reached maximum length
System.Exception: Exception of type 'System.Exception' was thrown.
   at CEN4802_Proj3.formMain.btnClick(Object sender, EventArgs e) in C:\Users\Luis\Documents\School\OneDrive - Eastern Florida State College\Classwork\2017 - Summer\CEN4802\CEN4802_Proj3\CEN4802_Proj3\FrmMain.cs:line 90
2017-07-01 17:19:41,187 [9] INFO CEN4802_Proj3.formMain - Initializing
2017-07-01 17:19:43,304 [9] INFO CEN4802_Proj3.formMain - Powering On
2017-07-01 17:19:52,882 [9] ERROR CEN4802_Proj3.formMain - Input has reached maximum length
System.Exception: Exception of type 'System.Exception' was thrown.
   at CEN4802_Proj3.formMain.btnClick(Object sender, EventArgs e) in C:\Users\Luis\Documents\School\OneDrive - Eastern Florida State College\Classwork\2017 - Summer\CEN4802\CEN4802_Proj3\CEN4802_Proj3\FrmMain.cs:line 90
2017-07-01 17:19:53,399 [9] ERROR CEN4802_Proj3.formMain - Input has reached maximum length
System.Exception: Exception of type 'System.Exception' was thrown.
   at CEN4802_Proj3.formMain.btnClick(Object sender, EventArgs e) in C:\Users\Luis\Documents\School\OneDrive - Eastern Florida State College\Classwork\2017 - Summer\CEN4802\CEN4802_Proj3\CEN4802_Proj3\FrmMain.cs:line 90
2017-07-01 17:19:53,763 [9] ERROR CEN4802_Proj3.formMain - Input has reached maximum length
System.Exception: Exception of type 'System.Exception' was thrown.
   at CEN4802_Proj3.formMain.btnClick(Object sender, EventArgs e) in C:\Users\Luis\Documents\School\OneDrive - Eastern Florida State College\Classwork\2017 - Summer\CEN4802\CEN4802_Proj3\CEN4802_Proj3\FrmMain.cs:line 90
2017-07-01 17:19:54,017 [9] ERROR CEN4802_Proj3.formMain - Input has reached maximum length
System.Exception: Exception of type 'System.Exception' was thrown.
   at CEN4802_Proj3.formMain.btnClick(Object sender, EventArgs e) in C:\Users\Luis\Documents\School\OneDrive - Eastern Florida State College\Classwork\2017 - Summer\CEN4802\CEN4802_Proj3\CEN4802_Proj3\FrmMain.cs:line 90
2017-07-01 17:21:26,071 [9] INFO CEN4802_Proj3.formMain - Initializing
2017-07-01 17:21:27,546 [9] INFO CEN4802_Proj3.formMain - Powering On
2017-07-01 17:21:37,585 [9] ERROR CEN4802_Proj3.formMain - Input has reached maximum length {0}
System.Exception: Exception of type 'System.Exception' was thrown.
   at CEN4802_Proj3.formMain.btnClick(Object sender, EventArgs e) in C:\Users\Luis\Documents\School\OneDrive - Eastern Florida State College\Classwork\2017 - Summer\CEN4802\CEN4802_Proj3\CEN4802_Proj3\FrmMain.cs:line 90
2017-07-01 17:21:40,950 [9] ERROR CEN4802_Proj3.formMain - Input has reached maximum length {0}
System.Exception: Exception of type 'System.Exception' was thrown.
   at CEN4802_Proj3.formMain.btnClick(Object sender, EventArgs e) in C:\Users\Luis\Documents\School\OneDrive - Eastern Florida State College\Classwork\2017 - Summer\CEN4802\CEN4802_Proj3\CEN4802_Proj3\FrmMain.cs:line 90
2017-07-01 17:28:25,147 [9] INFO CEN4802_Proj3.formMain - Initializing
2017-07-01 17:28:28,228 [9] INFO CEN4802_Proj3.formMain - Powering On
2017-07-01 17:28:36,623 [9] ERROR CEN4802_Proj3.formMain - Input has reached maximum length
System.Exception: Exception of type 'System.Exception' was thrown.
   at CEN4802_Proj3.formMain.btnClick(Object sender, EventArgs e) in C:\Users\Luis\Documents\School\OneDrive - Eastern Florida State College\Classwork\2017 - Summer\CEN4802\CEN4802_Proj3\CEN4802_Proj3\FrmMain.cs:line 91
2017-07-01 17:28:37,282 [9] ERROR CEN4802_Proj3.formMain - Input has reached maximum length
System.Exception: Exception of type 'System.Exception' was thrown.
   at CEN4802_Proj3.formMain.btnClick(Object sender, EventArgs e) in C:\Users\Luis\Documents\School\OneDrive - Eastern Florida State College\Classwork\2017 - Summer\CEN4802\CEN4802_Proj3\CEN4802_Proj3\FrmMain.cs:line 91
2017-07-01 17:28:37,627 [9] ERROR CEN4802_Proj3.formMain - Input has reached maximum length
System.Exception: Exception of type 'System.Exception' was thrown.
   at CEN4802_Proj3.formMain.btnClick(Object sender, EventArgs e) in C:\Users\Luis\Documents\School\OneDrive - Eastern Florida State College\Classwork\2017 - Summer\CEN4802\CEN4802_Proj3\CEN4802_Proj3\FrmMain.cs:line 91
2017-07-01 17:28:37,928 [9] ERROR CEN4802_Proj3.formMain - Input has reached maximum length
System.Exception: Exception of type 'System.Exception' was thrown.
   at CEN4802_Proj3.formMain.btnClick(Object sender, EventArgs e) in C:\Users\Luis\Documents\School\OneDrive - Eastern Florida State College\Classwork\2017 - Summer\CEN4802\CEN4802_Proj3\CEN4802_Proj3\FrmMain.cs:line 91
2017-07-01 17:28:38,259 [9] ERROR CEN4802_Proj3.formMain - Input has reached maximum length
System.Exception: Exception of type 'System.Exception' was thrown.
   at CEN4802_Proj3.formMain.btnClick(Object sender, EventArgs e) in C:\Users\Luis\Documents\School\OneDrive - Eastern Florida State College\Classwork\2017 - Summer\CEN4802\CEN4802_Proj3\CEN4802_Proj3\FrmMain.cs:line 91
2017-07-01 17:28:38,609 [9] ERROR CEN4802_Proj3.formMain - Input has reached maximum length
System.Exception: Exception of type 'System.Exception' was thrown.
   at CEN4802_Proj3.formMain.btnClick(Object sender, EventArgs e) in C:\Users\Luis\Documents\School\OneDrive - Eastern Florida State College\Classwork\2017 - Summer\CEN4802\CEN4802_Proj3\CEN4802_Proj3\FrmMain.cs:line 91
2017-07-01 17:28:38,989 [9] ERROR CEN4802_Proj3.formMain - Input has reached maximum length
System.Exception: Exception of type 'System.Exception' was thrown.
   at CEN4802_Proj3.formMain.btnClick(Object sender, EventArgs e) in C:\Users\Luis\Documents\School\OneDrive - Eastern Florida State College\Classwork\2017 - Summer\CEN4802\CEN4802_Proj3\CEN4802_Proj3\FrmMain.cs:line 91
2017-07-01 17:28:39,371 [9] ERROR CEN4802_Proj3.formMain - Input has reached maximum length
System.Exception: Exception of type 'System.Exception' was thrown.
   at CEN4802_Proj3.formMain.btnClick(Object sender, EventArgs e) in C:\Users\Luis\Documents\School\OneDrive - Eastern Florida State College\Classwork\2017 - Summer\CEN4802\CEN4802_Proj3\CEN4802_Proj3\FrmMain.cs:line 91
2017-07-01 17:28:39,803 [9] ERROR CEN4802_Proj3.formMain - Input has reached maximum length
System.Exception: Exception of type 'System.Exception' was thrown.
   at CEN4802_Proj3.formMain.btnClick(Object sender, EventArgs e) in C:\Users\Luis\Documents\School\OneDrive - Eastern Florida State College\Classwork\2017 - Summer\CEN4802\CEN4802_Proj3\CEN4802_Proj3\FrmMain.cs:line 91
2017-07-01 17:28:40,159 [9] ERROR CEN4802_Proj3.formMain - Input has reached maximum length
System.Exception: Exception of type 'System.Exception' was thrown.
   at CEN4802_Proj3.formMain.btnClick(Object sender, EventArgs e) in C:\Users\Luis\Documents\School\OneDrive - Eastern Florida State College\Classwork\2017 - Summer\CEN4802\CEN4802_Proj3\CEN4802_Proj3\FrmMain.cs:line 91
2017-07-01 17:28:40,557 [9] ERROR CEN4802_Proj3.formMain - Input has reached maximum length
System.Exception: Exception of type 'System.Exception' was thrown.
   at CEN4802_Proj3.formMain.btnClick(Object sender, EventArgs e) in C:\Users\Luis\Documents\School\OneDrive - Eastern Florida State College\Classwork\2017 - Summer\CEN4802\CEN4802_Proj3\CEN4802_Proj3\FrmMain.cs:line 91
2017-07-01 17:28:40,990 [9] ERROR CEN4802_Proj3.formMain - Input has reached maximum length
System.Exception: Exception of type 'System.Exception' was thrown.
   at CEN4802_Proj3.formMain.btnClick(Object sender, EventArgs e) in C:\Users\Luis\Documents\School\OneDrive - Eastern Florida State College\Classwork\2017 - Summer\CEN4802\CEN4802_Proj3\CEN4802_Proj3\FrmMain.cs:line 91
2017-07-01 17:28:42,141 [9] ERROR CEN4802_Proj3.formMain - Input has reached maximum length
System.Exception: Exception of type 'System.Exception' was thrown.
   at CEN4802_Proj3.formMain.btnClick(Object sender, EventArgs e) in C:\Users\Luis\Documents\School\OneDrive - Eastern Florida State College\Classwork\2017 - Summer\CEN4802\CEN4802_Proj3\CEN4802_Proj3\FrmMain.cs:line 91
2017-07-01 17:28:42,808 [9] ERROR CEN4802_Proj3.formMain - Input has reached maximum length
System.Exception: Exception of type 'System.Exception' was thrown.
   at CEN4802_Proj3.formMain.btnClick(Object sender, EventArgs e) in C:\Users\Luis\Documents\School\OneDrive - Eastern Florida State College\Classwork\2017 - Summer\CEN4802\CEN4802_Proj3\CEN4802_Proj3\FrmMain.cs:line 91
2017-07-01 17:28:43,679 [9] ERROR CEN4802_Proj3.formMain - Input has reached maximum length
System.Exception: Exception of type 'System.Exception' was thrown.
   at CEN4802_Proj3.formMain.btnClick(Object sender, EventArgs e) in C:\Users\Luis\Documents\School\OneDrive - Eastern Florida State College\Classwork\2017 - Summer\CEN4802\CEN4802_Proj3\CEN4802_Proj3\FrmMain.cs:line 91
2017-07-01 17:28:44,252 [9] ERROR CEN4802_Proj3.formMain - Input has reached maximum length
System.Exception: Exception of type 'System.Exception' was thrown.
   at CEN4802_Proj3.formMain.btnClick(Object sender, EventArgs e) in C:\Users\Luis\Documents\School\OneDrive - Eastern Florida State College\Classwork\2017 - Summer\CEN4802\CEN4802_Proj3\CEN4802_Proj3\FrmMain.cs:line 91
2017-07-01 17:29:00,972 [9] ERROR CEN4802_Proj3.formMain - Input has reached maximum length
System.Exception: Exception of type 'System.Exception' was thrown.
   at CEN4802_Proj3.formMain.btnClick(Object sender, EventArgs e) in C:\Users\Luis\Documents\School\OneDrive - Eastern Florida State College\Classwork\2017 - Summer\CEN4802\CEN4802_Proj3\CEN4802_Proj3\FrmMain.cs:line 91
2017-07-01 17:30:41,512 [9] INFO CEN4802_Proj3.formMain - Initializing
2017-07-01 17:30:42,892 [9] INFO CEN4802_Proj3.formMain - Powering On
2017-07-01 17:30:50,583 [9] ERROR CEN4802_Proj3.formMain - Input has reached maximum length
System.Exception: Exception of type 'System.Exception' was thrown.
   at CEN4802_Proj3.formMain.btnClick(Object sender, EventArgs e) in C:\Users\Luis\Documents\School\OneDrive - Eastern Florida State College\Classwork\2017 - Summer\CEN4802\CEN4802_Proj3\CEN4802_Proj3\FrmMain.cs:line 93
2017-07-01 17:31:03,341 [9] ERROR CEN4802_Proj3.formMain - Input has reached maximum length
System.Exception: Exception of type 'System.Exception' was thrown.
   at CEN4802_Proj3.formMain.btnClick(Object sender, EventArgs e) in C:\Users\Luis\Documents\School\OneDrive - Eastern Florida State College\Classwork\2017 - Summer\CEN4802\CEN4802_Proj3\CEN4802_Proj3\FrmMain.cs:line 93
2017-07-01 17:31:13,736 [9] ERROR CEN4802_Proj3.formMain - Input has reached maximum length
System.Exception: Exception of type 'System.Exception' was thrown.
   at CEN4802_Proj3.formMain.btnClick(Object sender, EventArgs e) in C:\Users\Luis\Documents\School\OneDrive - Eastern Florida State College\Classwork\2017 - Summer\CEN4802\CEN4802_Proj3\CEN4802_Proj3\FrmMain.cs:line 93
2017-07-01 17:31:14,129 [9] ERROR CEN4802_Proj3.formMain - Input has reached maximum length
System.Exception: Exception of type 'System.Exception' was thrown.
   at CEN4802_Proj3.formMain.btnClick(Object sender, EventArgs e) in C:\Users\Luis\Documents\School\OneDrive - Eastern Florida State College\Classwork\2017 - Summer\CEN4802\CEN4802_Proj3\CEN4802_Proj3\FrmMain.cs:line 93
2017-07-01 17:31:15,260 [9] ERROR CEN4802_Proj3.formMain - Input has reached maximum length
System.Exception: Exception of type 'System.Exception' was thrown.
   at CEN4802_Proj3.formMain.btnClick(Object sender, EventArgs e) in C:\Users\Luis\Documents\School\OneDrive - Eastern Florida State College\Classwork\2017 - Summer\CEN4802\CEN4802_Proj3\CEN4802_Proj3\FrmMain.cs:line 93
2017-07-01 17:31:15,582 [9] ERROR CEN4802_Proj3.formMain - Input has reached maximum length
System.Exception: Exception of type 'System.Exception' was thrown.
   at CEN4802_Proj3.formMain.btnClick(Object sender, EventArgs e) in C:\Users\Luis\Documents\School\OneDrive - Eastern Florida State College\Classwork\2017 - Summer\CEN4802\CEN4802_Proj3\CEN4802_Proj3\FrmMain.cs:line 93
2017-07-01 17:31:15,921 [9] ERROR CEN4802_Proj3.formMain - Input has reached maximum length
System.Exception: Exception of type 'System.Exception' was thrown.
   at CEN4802_Proj3.formMain.btnClick(Object sender, EventArgs e) in C:\Users\Luis\Documents\School\OneDrive - Eastern Florida State College\Classwork\2017 - Summer\CEN4802\CEN4802_Proj3\CEN4802_Proj3\FrmMain.cs:line 93
2017-07-01 17:31:16,213 [9] ERROR CEN4802_Proj3.formMain - Input has reached maximum length
System.Exception: Exception of type 'System.Exception' was thrown.
   at CEN4802_Proj3.formMain.btnClick(Object sender, EventArgs e) in C:\Users\Luis\Documents\School\OneDrive - Eastern Florida State College\Classwork\2017 - Summer\CEN4802\CEN4802_Proj3\CEN4802_Proj3\FrmMain.cs:line 93
2017-07-01 17:31:16,547 [9] ERROR CEN4802_Proj3.formMain - Input has reached maximum length
System.Exception: Exception of type 'System.Exception' was thrown.
   at CEN4802_Proj3.formMain.btnClick(Object sender, EventArgs e) in C:\Users\Luis\Documents\School\OneDrive - Eastern Florida State College\Classwork\2017 - Summer\CEN4802\CEN4802_Proj3\CEN4802_Proj3\FrmMain.cs:line 93
2017-07-01 17:31:17,058 [9] ERROR CEN4802_Proj3.formMain - Input has reached maximum length
System.Exception: Exception of type 'System.Exception' was thrown.
   at CEN4802_Proj3.formMain.btnClick(Object sender, EventArgs e) in C:\Users\Luis\Documents\School\OneDrive - Eastern Florida State College\Classwork\2017 - Summer\CEN4802\CEN4802_Proj3\CEN4802_Proj3\FrmMain.cs:line 93
2017-07-01 17:31:17,567 [9] ERROR CEN4802_Proj3.formMain - Input has reached maximum length
System.Exception: Exception of type 'System.Exception' was thrown.
   at CEN4802_Proj3.formMain.btnClick(Object sender, EventArgs e) in C:\Users\Luis\Documents\School\OneDrive - Eastern Florida State College\Classwork\2017 - Summer\CEN4802\CEN4802_Proj3\CEN4802_Proj3\FrmMain.cs:line 93
2017-07-01 17:31:18,312 [9] ERROR CEN4802_Proj3.formMain - Input has reached maximum length
System.Exception: Exception of type 'System.Exception' was thrown.
   at CEN4802_Proj3.formMain.btnClick(Object sender, EventArgs e) in C:\Users\Luis\Documents\School\OneDrive - Eastern Florida State College\Classwork\2017 - Summer\CEN4802\CEN4802_Proj3\CEN4802_Proj3\FrmMain.cs:line 93
2017-07-01 17:31:18,747 [9] ERROR CEN4802_Proj3.formMain - Input has reached maximum length
System.Exception: Exception of type 'System.Exception' was thrown.
   at CEN4802_Proj3.formMain.btnClick(Object sender, EventArgs e) in C:\Users\Luis\Documents\School\OneDrive - Eastern Florida State College\Classwork\2017 - Summer\CEN4802\CEN4802_Proj3\CEN4802_Proj3\FrmMain.cs:line 93
2017-07-01 17:31:19,092 [9] ERROR CEN4802_Proj3.formMain - Input has reached maximum length
System.Exception: Exception of type 'System.Exception' was thrown.
   at CEN4802_Proj3.formMain.btnClick(Object sender, EventArgs e) in C:\Users\Luis\Documents\School\OneDrive - Eastern Florida State College\Classwork\2017 - Summer\CEN4802\CEN4802_Proj3\CEN4802_Proj3\FrmMain.cs:line 93
2017-07-01 17:31:19,503 [9] ERROR CEN4802_Proj3.formMain - Input has reached maximum length
System.Exception: Exception of type 'System.Exception' was thrown.
   at CEN4802_Proj3.formMain.btnClick(Object sender, EventArgs e) in C:\Users\Luis\Documents\School\OneDrive - Eastern Florida State College\Classwork\2017 - Summer\CEN4802\CEN4802_Proj3\CEN4802_Proj3\FrmMain.cs:line 93
2017-07-01 17:31:19,847 [9] ERROR CEN4802_Proj3.formMain - Input has reached maximum length
System.Exception: Exception of type 'System.Exception' was thrown.
   at CEN4802_Proj3.formMain.btnClick(Object sender, EventArgs e) in C:\Users\Luis\Documents\School\OneDrive - Eastern Florida State College\Classwork\2017 - Summer\CEN4802\CEN4802_Proj3\CEN4802_Proj3\FrmMain.cs:line 93
2017-07-01 17:31:20,633 [9] ERROR CEN4802_Proj3.formMain - Input has reached maximum length
System.Exception: Exception of type 'System.Exception' was thrown.
   at CEN4802_Proj3.formMain.btnClick(Object sender, EventArgs e) in C:\Users\Luis\Documents\School\OneDrive - Eastern Florida State College\Classwork\2017 - Summer\CEN4802\CEN4802_Proj3\CEN4802_Proj3\FrmMain.cs:line 93
2017-07-01 17:31:21,468 [9] ERROR CEN4802_Proj3.formMain - Input has reached maximum length
System.Exception: Exception of type 'System.Exception' was thrown.
   at CEN4802_Proj3.formMain.btnClick(Object sender, EventArgs e) in C:\Users\Luis\Documents\School\OneDrive - Eastern Florida State College\Classwork\2017 - Summer\CEN4802\CEN4802_Proj3\CEN4802_Proj3\FrmMain.cs:line 93
2017-07-01 17:31:21,731 [9] ERROR CEN4802_Proj3.formMain - Input has reached maximum length
System.Exception: Exception of type 'System.Exception' was thrown.
   at CEN4802_Proj3.formMain.btnClick(Object sender, EventArgs e) in C:\Users\Luis\Documents\School\OneDrive - Eastern Florida State College\Classwork\2017 - Summer\CEN4802\CEN4802_Proj3\CEN4802_Proj3\FrmMain.cs:line 93
2017-07-01 17:31:22,034 [9] ERROR CEN4802_Proj3.formMain - Input has reached maximum length
System.Exception: Exception of type 'System.Exception' was thrown.
   at CEN4802_Proj3.formMain.btnClick(Object sender, EventArgs e) in C:\Users\Luis\Documents\School\OneDrive - Eastern Florida State College\Classwork\2017 - Summer\CEN4802\CEN4802_Proj3\CEN4802_Proj3\FrmMain.cs:line 93
2017-07-01 17:31:22,323 [9] ERROR CEN4802_Proj3.formMain - Input has reached maximum length
System.Exception: Exception of type 'System.Exception' was thrown.
   at CEN4802_Proj3.formMain.btnClick(Object sender, EventArgs e) in C:\Users\Luis\Documents\School\OneDrive - Eastern Florida State College\Classwork\2017 - Summer\CEN4802\CEN4802_Proj3\CEN4802_Proj3\FrmMain.cs:line 93
2017-07-01 17:31:22,672 [9] ERROR CEN4802_Proj3.formMain - Input has reached maximum length
System.Exception: Exception of type 'System.Exception' was thrown.
   at CEN4802_Proj3.formMain.btnClick(Object sender, EventArgs e) in C:\Users\Luis\Documents\School\OneDrive - Eastern Florida State College\Classwork\2017 - Summer\CEN4802\CEN4802_Proj3\CEN4802_Proj3\FrmMain.cs:line 93
2017-07-01 17:31:23,584 [9] ERROR CEN4802_Proj3.formMain - Input has reached maximum length
System.Exception: Exception of type 'System.Exception' was thrown.
   at CEN4802_Proj3.formMain.btnClick(Object sender, EventArgs e) in C:\Users\Luis\Documents\School\OneDrive - Eastern Florida State College\Classwork\2017 - Summer\CEN4802\CEN4802_Proj3\CEN4802_Proj3\FrmMain.cs:line 93
2017-07-01 17:31:23,894 [9] ERROR CEN4802_Proj3.formMain - Input has reached maximum length
System.Exception: Exception of type 'System.Exception' was thrown.
   at CEN4802_Proj3.formMain.btnClick(Object sender, EventArgs e) in C:\Users\Luis\Documents\School\OneDrive - Eastern Florida State College\Classwork\2017 - Summer\CEN4802\CEN4802_Proj3\CEN4802_Proj3\FrmMain.cs:line 93
2017-07-01 17:31:24,169 [9] ERROR CEN4802_Proj3.formMain - Input has reached maximum length
System.Exception: Exception of type 'System.Exception' was thrown.
   at CEN4802_Proj3.formMain.btnClick(Object sender, EventArgs e) in C:\Users\Luis\Documents\School\OneDrive - Eastern Florida State College\Classwork\2017 - Summer\CEN4802\CEN4802_Proj3\CEN4802_Proj3\FrmMain.cs:line 93
2017-07-01 20:19:43,564 [10] INFO CEN4802_Proj3.formMain - Initializing
2017-07-01 20:19:45,430 [10] INFO CEN4802_Proj3.formMain - Powering On
2017-07-01 20:20:05,015 [10] INFO CEN4802_Proj3.formMain - Input has reached maximum length
2017-07-01 20:20:05,874 [10] INFO CEN4802_Proj3.formMain - Input has reached maximum length
2017-07-01 20:20:11,384 [10] INFO CEN4802_Proj3.formMain - Input has reached maximum length
2017-07-01 20:20:31,811 [10] INFO CEN4802_Proj3.formMain - Powering Off
2017-07-01 20:28:17,870 [9] INFO CEN4802_Proj3.formMain - Initializing
2017-07-01 20:28:19,535 [9] INFO CEN4802_Proj3.formMain - Powering On
2017-07-01 20:28:37,876 [9] INFO CEN4802_Proj3.formMain - Input has reached maximum length
2017-07-01 20:28:38,672 [9] INFO CEN4802_Proj3.formMain - Input has reached maximum length
2017-07-01 20:28:39,126 [9] INFO CEN4802_Proj3.formMain - Input has reached maximum length
2017-07-01 20:30:11,338 [9] INFO CEN4802_Proj3.formMain - Initializing
2017-07-01 20:30:12,674 [9] INFO CEN4802_Proj3.formMain - Powering On
2017-07-01 20:30:33,650 [9] INFO CEN4802_Proj3.formMain - Input has reached maximum length
2017-07-01 20:30:34,469 [9] INFO CEN4802_Proj3.formMain - Input has reached maximum length
2017-07-01 20:30:34,840 [9] INFO CEN4802_Proj3.formMain - Input has reached maximum length
2017-07-01 20:30:35,151 [9] INFO CEN4802_Proj3.formMain - Input has reached maximum length
2017-07-01 20:30:35,683 [9] INFO CEN4802_Proj3.formMain - Input has reached maximum length
2017-07-01 20:30:36,066 [9] INFO CEN4802_Proj3.formMain - Input has reached maximum length
2017-07-01 20:30:36,358 [9] INFO CEN4802_Proj3.formMain - Input has reached maximum length
2017-07-01 20:30:36,646 [9] INFO CEN4802_Proj3.formMain - Input has reached maximum length
2017-07-01 20:30:36,867 [9] INFO CEN4802_Proj3.formMain - Input has reached maximum length
2017-07-01 20:30:37,405 [9] INFO CEN4802_Proj3.formMain - Input has reached maximum length
2017-07-01 20:30:37,624 [9] INFO CEN4802_Proj3.formMain - Input has reached maximum length
2017-07-01 20:30:37,890 [9] INFO CEN4802_Proj3.formMain - Input has reached maximum length
2017-07-01 20:30:38,256 [9] INFO CEN4802_Proj3.formMain - Input has reached maximum length
2017-07-01 20:30:39,190 [9] INFO CEN4802_Proj3.formMain - Input has reached maximum length
2017-07-01 20:30:39,721 [9] INFO CEN4802_Proj3.formMain - Input has reached maximum length
2017-07-01 20:30:40,264 [9] INFO CEN4802_Proj3.formMain - Input has reached maximum length
2017-07-01 20:30:40,600 [9] INFO CEN4802_Proj3.formMain - Input has reached maximum length
2017-07-01 20:30:41,035 [9] INFO CEN4802_Proj3.formMain - Input has reached maximum length
2017-07-01 20:30:42,578 [9] INFO CEN4802_Proj3.formMain - Input has reached maximum length
2017-07-01 20:30:43,690 [9] INFO CEN4802_Proj3.formMain - Input has reached maximum length
2017-07-01 20:30:43,905 [9] INFO CEN4802_Proj3.formMain - Input has reached maximum length
2017-07-01 20:30:48,231 [9] INFO CEN4802_Proj3.formMain - Input has reached maximum length
2017-07-01 20:42:02,503 [9] INFO CEN4802_Proj3.formMain - Initializing
2017-07-01 20:42:03,845 [9] INFO CEN4802_Proj3.formMain - Powering On
2017-07-01 20:42:18,869 [9] INFO CEN4802_Proj3.formMain - Input has reached maximum length
2017-07-01 20:51:09,995 [9] INFO CEN4802_Proj3.formMain - Initializing
2017-07-01 20:51:11,442 [9] INFO CEN4802_Proj3.formMain - Powering On
2017-07-01 20:51:20,214 [9] INFO CEN4802_Proj3.formMain - Input has reached maximum length
2017-07-01 21:00:32,201 [9] INFO CEN4802_Proj3.formMain - Initializing
2017-07-01 21:00:33,729 [9] INFO CEN4802_Proj3.formMain - Powering On
2017-07-01 21:00:44,365 [9] INFO CEN4802_Proj3.formMain - User tried to press two operators in a row
2017-07-01 21:00:58,753 [9] INFO CEN4802_Proj3.formMain - Input has reached maximum length
